-------------------------------------------------------------------------------
Test set: com.bestbuy.bestbuyinfo.StoreCRUDTestWithSteps
-------------------------------------------------------------------------------
Tests run: 4, Failures: 2, Errors: 2, Skipped: 0, Time elapsed: 0.349 sec <<< FAILURE! - in com.bestbuy.bestbuyinfo.StoreCRUDTestWithSteps
test001(com.bestbuy.bestbuyinfo.StoreCRUDTestWithSteps)  Time elapsed: 0.062 sec  <<< ERROR!
java.lang.NullPointerException: null
	at com.bestbuy.bestbuyinfo.StoreCRUDTestWithSteps.test001(StoreCRUDTestWithSteps.java:36)

test002(com.bestbuy.bestbuyinfo.StoreCRUDTestWithSteps)  Time elapsed: 0.044 sec  <<< FAILURE!
java.lang.AssertionError: 1 expectation failed.
Expected status code <200> but was <404>.

	at io.restassured.internal.ResponseSpecificationImpl.validateResponseIfRequired(ResponseSpecificationImpl.groovy:636)
	at io.restassured.internal.ResponseSpecificationImpl.statusCode(ResponseSpecificationImpl.groovy:122)
	at io.restassured.internal.ResponseSpecificationImpl.statusCode(ResponseSpecificationImpl.groovy:130)
	at io.restassured.internal.ValidatableResponseOptionsImpl.statusCode(ValidatableResponseOptionsImpl.java:117)
	at com.bestbuy.bestbuyinfo.StoreSteps.getStoreInfoById(StoreSteps.java:31)
	at com.bestbuy.bestbuyinfo.StoreCRUDTestWithSteps.test002(StoreCRUDTestWithSteps.java:44)

test003(com.bestbuy.bestbuyinfo.StoreCRUDTestWithSteps)  Time elapsed: 0.035 sec  <<< FAILURE!
java.lang.AssertionError: 1 expectation failed.
Expected status code <200> but was <400>.

	at sun.reflect.NativeConstructorAccessorImpl.newInstance0(Native Method)
	at sun.reflect.NativeConstructorAccessorImpl.newInstance(NativeConstructorAccessorImpl.java:62)
	at sun.reflect.DelegatingConstructorAccessorImpl.newInstance(DelegatingConstructorAccessorImpl.java:45)
	at java.lang.reflect.Constructor.newInstance(Constructor.java:423)
	at org.codehaus.groovy.reflection.CachedConstructor.invoke(CachedConstructor.java:83)
	at org.codehaus.groovy.reflection.CachedConstructor.doConstructorInvoke(CachedConstructor.java:77)
	at org.codehaus.groovy.runtime.callsite.ConstructorSite$ConstructorSiteNoUnwrap.callConstructor(ConstructorSite.java:84)
	at org.codehaus.groovy.runtime.callsite.AbstractCallSite.callConstructor(AbstractCallSite.java:247)
	at io.restassured.internal.ResponseSpecificationImpl$HamcrestAssertionClosure.validate(ResponseSpecificationImpl.groovy:471)
	at io.restassured.internal.ResponseSpecificationImpl$HamcrestAssertionClosure$validate$1.call(Unknown Source)
	at io.restassured.internal.ResponseSpecificationImpl.validateResponseIfRequired(ResponseSpecificationImpl.groovy:636)
	at sun.reflect.NativeMethodAccessorImpl.invoke0(Native Method)
	at sun.reflect.NativeMethodAccessorImpl.invoke(NativeMethodAccessorImpl.java:62)
	at sun.reflect.DelegatingMethodAccessorImpl.invoke(DelegatingMethodAccessorImpl.java:43)
	at java.lang.reflect.Method.invoke(Method.java:498)
	at org.codehaus.groovy.runtime.callsite.PogoMetaMethodSite$PogoCachedMethodSiteNoUnwrapNoCoerce.invoke(PogoMetaMethodSite.java:210)
	at org.codehaus.groovy.runtime.callsite.PogoMetaMethodSite.callCurrent(PogoMetaMethodSite.java:59)
	at org.codehaus.groovy.runtime.callsite.AbstractCallSite.callCurrent(AbstractCallSite.java:166)
	at io.restassured.internal.ResponseSpecificationImpl.statusCode(ResponseSpecificationImpl.groovy:122)
	at io.restassured.specification.ResponseSpecification$statusCode$0.callCurrent(Unknown Source)
	at io.restassured.internal.ResponseSpecificationImpl.statusCode(ResponseSpecificationImpl.groovy:130)
	at io.restassured.internal.ValidatableResponseOptionsImpl.statusCode(ValidatableResponseOptionsImpl.java:117)
	at com.bestbuy.bestbuyinfo.StoreCRUDTestWithSteps.test003(StoreCRUDTestWithSteps.java:54)

test004(com.bestbuy.bestbuyinfo.StoreCRUDTestWithSteps)  Time elapsed: 0.026 sec  <<< ERROR!
java.lang.IllegalArgumentException: Path parameters were not correctly defined. Redundant path parameters are: storeId=0. Undefined path parameters are: storeID.
	at io.restassured.internal.RequestSpecificationImpl.assertCorrectNumberOfPathParams(RequestSpecificationImpl.groovy:1336)
	at groovy.lang.MetaMethod.doMethodInvoke(MetaMethod.java:325)
	at groovy.lang.MetaClassImpl.invokeMethod(MetaClassImpl.java:1213)
	at groovy.lang.MetaClassImpl.invokeMethod(MetaClassImpl.java:1022)
	at groovy.lang.MetaClassImpl.invokeMethod(MetaClassImpl.java:810)
	at io.restassured.internal.RequestSpecificationImpl.invokeMethod(RequestSpecificationImpl.groovy)
	at io.restassured.internal.RequestSpecificationImpl.sendRequest(RequestSpecificationImpl.groovy:1223)
	at groovy.lang.MetaMethod.doMethodInvoke(MetaMethod.java:325)
	at groovy.lang.MetaClassImpl.invokeMethod(MetaClassImpl.java:1213)
	at groovy.lang.MetaClassImpl.invokeMethod(MetaClassImpl.java:1022)
	at groovy.lang.MetaClassImpl.invokeMethod(MetaClassImpl.java:810)
	at io.restassured.internal.RequestSpecificationImpl.invokeMethod(RequestSpecificationImpl.groovy)
	at io.restassured.internal.filter.SendRequestFilter.filter(SendRequestFilter.groovy:30)
	at io.restassured.internal.filter.FilterContextImpl.next(FilterContextImpl.groovy:72)
	at io.restassured.filter.time.TimingFilter.filter(TimingFilter.java:56)
	at io.restassured.internal.filter.FilterContextImpl.next(FilterContextImpl.groovy:72)
	at io.restassured.filter.log.RequestLoggingFilter.filter(RequestLoggingFilter.java:124)
	at io.restassured.internal.filter.FilterContextImpl.next(FilterContextImpl.groovy:72)
	at io.restassured.filter.log.RequestLoggingFilter.filter(RequestLoggingFilter.java:124)
	at net.serenitybdd.rest.filters.FieldsRecordingFilter.filter(FieldsRecordingFilter.java:40)
	at io.restassured.internal.filter.FilterContextImpl.next(FilterContextImpl.groovy:72)
	at io.restassured.filter.log.RequestLoggingFilter.filter(RequestLoggingFilter.java:124)
	at net.serenitybdd.rest.filters.FieldsRecordingFilter.filter(FieldsRecordingFilter.java:40)
	at io.restassured.internal.filter.FilterContextImpl.next(FilterContextImpl.groovy:72)
	at io.restassured.filter.log.RequestLoggingFilter.filter(RequestLoggingFilter.java:124)
	at net.serenitybdd.rest.filters.FieldsRecordingFilter.filter(FieldsRecordingFilter.java:40)
	at io.restassured.internal.filter.FilterContextImpl.next(FilterContextImpl.groovy:72)
	at io.restassured.filter.log.RequestLoggingFilter.filter(RequestLoggingFilter.java:124)
	at net.serenitybdd.rest.filters.FieldsRecordingFilter.filter(FieldsRecordingFilter.java:40)
	at io.restassured.internal.filter.FilterContextImpl.next(FilterContextImpl.groovy:72)
	at io.restassured.filter.log.RequestLoggingFilter.filter(RequestLoggingFilter.java:124)
	at net.serenitybdd.rest.filters.FieldsRecordingFilter.filter(FieldsRecordingFilter.java:40)
	at io.restassured.internal.filter.FilterContextImpl.next(FilterContextImpl.groovy:72)
	at io.restassured.filter.log.RequestLoggingFilter.filter(RequestLoggingFilter.java:124)
	at net.serenitybdd.rest.filters.FieldsRecordingFilter.filter(FieldsRecordingFilter.java:40)
	at io.restassured.internal.filter.FilterContextImpl.next(FilterContextImpl.groovy:72)
	at io.restassured.internal.RequestSpecificationImpl.applyPathParamsAndSendRequest(RequestSpecificationImpl.groovy:1722)
	at groovy.lang.MetaMethod.doMethodInvoke(MetaMethod.java:325)
	at groovy.lang.MetaClassImpl.invokeMethod(MetaClassImpl.java:1213)
	at groovy.lang.MetaClassImpl.invokeMethod(MetaClassImpl.java:1022)
	at groovy.lang.MetaClassImpl.invokeMethod(MetaClassImpl.java:810)
	at io.restassured.internal.RequestSpecificationImpl.invokeMethod(RequestSpecificationImpl.groovy)
	at io.restassured.internal.RequestSpecificationImpl.applyPathParamsAndSendRequest(RequestSpecificationImpl.groovy:1728)
	at groovy.lang.MetaMethod.doMethodInvoke(MetaMethod.java:325)
	at groovy.lang.MetaClassImpl.invokeMethod(MetaClassImpl.java:1213)
	at groovy.lang.MetaClassImpl.invokeMethod(MetaClassImpl.java:1022)
	at groovy.lang.MetaClassImpl.invokeMethod(MetaClassImpl.java:810)
	at io.restassured.internal.RequestSpecificationImpl.invokeMethod(RequestSpecificationImpl.groovy)
	at io.restassured.internal.RequestSpecificationImpl.delete(RequestSpecificationImpl.groovy:180)
	at net.serenitybdd.rest.decorators.request.RequestSpecificationDecorated.execute(RequestSpecificationDecorated.java:230)
	at net.serenitybdd.rest.decorators.request.RequestSpecificationDecorated.delete(RequestSpecificationDecorated.java:131)
	at net.serenitybdd.rest.decorators.request.RequestSpecificationDecorated.delete(RequestSpecificationDecorated.java:27)
	at com.bestbuy.bestbuyinfo.StoreSteps.deleteAStore(StoreSteps.java:56)
	at com.bestbuy.bestbuyinfo.StoreCRUDTestWithSteps.test004(StoreCRUDTestWithSteps.java:61)

