<?xml version="1.0" encoding="UTF-8"?><testsuite errors="0" failures="0" name="com.bestbuy.bestbuyinfo.ProductCRUDTestWithSteps" skipped="0" tests="4" time="8.3" timestamp="2023-06-06T22:32:36.298+01:00[Europe/London]"><testcase classname="com.bestbuy.bestbuyinfo.ProductCRUDTestWithSteps" name="This will create a new product"/><testcase classname="com.bestbuy.bestbuyinfo.ProductCRUDTestWithSteps" name="Verify if the product was added to the application "/><testcase classname="com.bestbuy.bestbuyinfo.ProductCRUDTestWithSteps" name="Update the product information and verify the updated information"/><testcase classname="com.bestbuy.bestbuyinfo.ProductCRUDTestWithSteps" name="Deleting product information and verify if the product is deleted"/></testsuite>