<?xml version="1.0" encoding="UTF-8"?><testsuite errors="0" failures="0" name="com.bestbuy.bestbuyinfo.StoreTagsTest" skipped="0" tests="3" time="0.22" timestamp="2023-06-06T17:54:42.696+01:00[Europe/London]"><testcase classname="com.bestbuy.bestbuyinfo.StoreTagsTest" name="Provide a 405 status code when incorrect HTTP method is used to access resource"/><testcase classname="com.bestbuy.bestbuyinfo.StoreTagsTest" name="This test will verify if a status code of 200 is returned for GET request"/><testcase classname="com.bestbuy.bestbuyinfo.StoreTagsTest" name="This test will provide an error code of 400 when user tries to access an invalid resource"/></testsuite>