<?xml version="1.0" encoding="UTF-8"?><testsuite errors="0" failures="0" name="com.bestbuy.bestbuyinfo.StoreCRUDTestWithSteps" skipped="0" tests="4" time="13.21" timestamp="2023-06-06T23:33:14.454+01:00[Europe/London]"><testcase classname="com.bestbuy.bestbuyinfo.StoreCRUDTestWithSteps" name="This will create a new store"/><testcase classname="com.bestbuy.bestbuyinfo.StoreCRUDTestWithSteps" name="Verify If the Store was Added to the application"/><testcase classname="com.bestbuy.bestbuyinfo.StoreCRUDTestWithSteps" name="Update the Store information and Verify the Updated information"/><testcase classname="com.bestbuy.bestbuyinfo.StoreCRUDTestWithSteps" name="Deleting product information and verify if the product is deleted"/></testsuite>